\BOOKMARK [0][-]{chapter*.5}{\376\377\000\315\000n\000d\000i\000c\000e\000\040\000d\000e\000\040\000f\000i\000g\000u\000r\000a\000s}{}% 1
\BOOKMARK [0][-]{chapter*.6}{\376\377\000\315\000n\000d\000i\000c\000e\000\040\000d\000e\000\040\000t\000a\000b\000l\000a\000s}{}% 2
\BOOKMARK [-1][-]{part.1}{\376\377\000I\000\040\000P\000r\000o\000l\000e\000g\000\363\000m\000e\000n\000o}{}% 3
\BOOKMARK [0][-]{chapter.1}{\376\377\000I\000n\000t\000r\000o\000d\000u\000c\000c\000i\000\363\000n}{part.1}% 4
\BOOKMARK [1][-]{section.1.1}{\376\377\000M\000o\000t\000i\000v\000a\000c\000i\000\363\000n}{chapter.1}% 5
\BOOKMARK [1][-]{section.1.2}{\376\377\000A\000l\000c\000a\000n\000c\000e\000\040\000y\000\040\000O\000b\000j\000e\000t\000i\000v\000o\000s}{chapter.1}% 6
\BOOKMARK [1][-]{section.1.3}{\376\377\000G\000l\000o\000s\000a\000r\000i\000o\000\040\000d\000e\000\040\000t\000\351\000r\000m\000i\000n\000o\000s}{chapter.1}% 7
\BOOKMARK [1][-]{section.1.4}{\376\377\000O\000r\000g\000a\000n\000i\000z\000a\000c\000i\000\363\000n\000\040\000d\000e\000l\000\040\000d\000o\000c\000u\000m\000e\000n\000t\000o}{chapter.1}% 8
\BOOKMARK [0][-]{chapter.2}{\376\377\000A\000n\000t\000e\000c\000e\000d\000e\000n\000t\000e\000s}{part.1}% 9
\BOOKMARK [1][-]{section.2.1}{\376\377\000C\000o\000n\000t\000e\000x\000t\000o}{chapter.2}% 10
\BOOKMARK [1][-]{section.2.2}{\376\377\000E\000s\000t\000a\000d\000o\000\040\000d\000e\000\040\000l\000a\000\040\000t\000\351\000c\000n\000i\000c\000a}{chapter.2}% 11
\BOOKMARK [0][-]{chapter.3}{\376\377\000P\000l\000a\000n\000\040\000d\000e\000\040\000g\000e\000s\000t\000i\000\363\000n\000\040\000d\000e\000\040\000p\000r\000o\000y\000e\000c\000t\000o}{part.1}% 12
\BOOKMARK [1][-]{section.3.1}{\376\377\000M\000e\000t\000o\000d\000o\000l\000o\000g\000\355\000a\000\040\000d\000e\000\040\000d\000e\000s\000a\000r\000r\000o\000l\000l\000o}{chapter.3}% 13
\BOOKMARK [1][-]{section.3.2}{\376\377\000T\000e\000c\000n\000o\000l\000o\000g\000\355\000a\000s}{chapter.3}% 14
\BOOKMARK [1][-]{section.3.3}{\376\377\000P\000l\000a\000n\000i\000f\000i\000c\000a\000c\000i\000\363\000n\000\040\000d\000e\000l\000\040\000p\000r\000o\000y\000e\000c\000t\000o}{chapter.3}% 15
\BOOKMARK [1][-]{section.3.4}{\376\377\000O\000r\000g\000a\000n\000i\000z\000a\000c\000i\000\363\000n}{chapter.3}% 16
\BOOKMARK [1][-]{section.3.5}{\376\377\000C\000o\000s\000t\000e\000s}{chapter.3}% 17
\BOOKMARK [1][-]{section.3.6}{\376\377\000R\000i\000e\000s\000g\000o\000s}{chapter.3}% 18
\BOOKMARK [1][-]{section.3.7}{\376\377\000G\000e\000s\000t\000i\000\363\000n\000\040\000d\000e\000\040\000l\000a\000\040\000c\000o\000n\000f\000i\000g\000u\000r\000a\000c\000i\000\363\000n}{chapter.3}% 19
\BOOKMARK [1][-]{section.3.8}{\376\377\000A\000s\000e\000g\000u\000r\000a\000m\000i\000e\000n\000t\000o\000\040\000d\000e\000\040\000c\000a\000l\000i\000d\000a\000d}{chapter.3}% 20
\BOOKMARK [-1][-]{part.2}{\376\377\000I\000I\000\040\000D\000e\000s\000a\000r\000r\000o\000l\000l\000o}{}% 21
\BOOKMARK [0][-]{chapter.4}{\376\377\000R\000e\000q\000u\000i\000s\000i\000t\000o\000s\000\040\000d\000e\000l\000\040\000S\000i\000s\000t\000e\000m\000a}{part.2}% 22
\BOOKMARK [1][-]{section.4.1}{\376\377\000O\000b\000j\000e\000t\000i\000v\000o\000s\000\040\000d\000e\000\040\000N\000e\000g\000o\000c\000i\000o}{chapter.4}% 23
\BOOKMARK [1][-]{section.4.2}{\376\377\000O\000b\000j\000e\000t\000i\000v\000o\000s\000\040\000d\000e\000l\000\040\000S\000i\000s\000t\000e\000m\000a}{chapter.4}% 24
\BOOKMARK [1][-]{section.4.3}{\376\377\000R\000e\000q\000u\000i\000s\000i\000t\000o\000s\000\040\000f\000u\000n\000c\000i\000o\000n\000a\000l\000e\000s}{chapter.4}% 25
\BOOKMARK [1][-]{section.4.4}{\376\377\000R\000e\000q\000u\000i\000s\000i\000t\000o\000s\000\040\000n\000o\000\040\000f\000u\000n\000c\000i\000o\000n\000a\000l\000e\000s}{chapter.4}% 26
\BOOKMARK [1][-]{section.4.5}{\376\377\000R\000e\000q\000u\000i\000s\000i\000t\000o\000s\000\040\000d\000e\000\040\000i\000n\000f\000o\000r\000m\000a\000c\000i\000\363\000n}{chapter.4}% 27
\BOOKMARK [1][-]{section.4.6}{\376\377\000R\000e\000g\000l\000a\000s\000\040\000d\000e\000\040\000n\000e\000g\000o\000c\000i\000o}{chapter.4}% 28
\BOOKMARK [1][-]{section.4.7}{\376\377\000A\000n\000\341\000l\000i\000s\000i\000s\000\040\000G\000A\000P}{chapter.4}% 29
\BOOKMARK [0][-]{chapter.5}{\376\377\000A\000n\000\341\000l\000i\000s\000i\000s\000\040\000d\000e\000l\000\040\000S\000i\000s\000t\000e\000m\000a}{part.2}% 30
\BOOKMARK [1][-]{section.5.1}{\376\377\000M\000o\000d\000e\000l\000o\000\040\000C\000o\000n\000c\000e\000p\000t\000u\000a\000l}{chapter.5}% 31
\BOOKMARK [1][-]{section.5.2}{\376\377\000M\000o\000d\000e\000l\000o\000\040\000d\000e\000\040\000C\000a\000s\000o\000s\000\040\000d\000e\000\040\000U\000s\000o}{chapter.5}% 32
\BOOKMARK [1][-]{section.5.3}{\376\377\000M\000o\000d\000e\000l\000o\000\040\000d\000e\000\040\000I\000n\000t\000e\000r\000f\000a\000z\000\040\000d\000e\000\040\000U\000s\000u\000a\000r\000i\000o}{chapter.5}% 33
\BOOKMARK [1][-]{section.5.4}{\376\377\000M\000o\000d\000e\000l\000o\000\040\000d\000e\000\040\000C\000o\000m\000p\000o\000r\000t\000a\000m\000i\000e\000n\000t\000o}{chapter.5}% 34
\BOOKMARK [0][-]{chapter.6}{\376\377\000D\000i\000s\000e\000\361\000o\000\040\000d\000e\000l\000\040\000S\000i\000s\000t\000e\000m\000a}{part.2}% 35
\BOOKMARK [1][-]{section.6.1}{\376\377\000A\000r\000q\000u\000i\000t\000e\000c\000t\000u\000r\000a\000\040\000d\000e\000l\000\040\000S\000i\000s\000t\000e\000m\000a}{chapter.6}% 36
\BOOKMARK [2][-]{subsection.6.1.1}{\376\377\000D\000i\000s\000e\000\361\000o\000\040\000d\000e\000\040\000a\000l\000t\000o\000\040\000n\000i\000v\000e\000l}{section.6.1}% 37
\BOOKMARK [2][-]{subsection.6.1.2}{\376\377\000D\000i\000s\000e\000\361\000o\000\040\000d\000e\000t\000a\000l\000l\000a\000d\000o}{section.6.1}% 38
\BOOKMARK [1][-]{section.6.2}{\376\377\000P\000a\000r\000a\000m\000e\000t\000r\000i\000z\000a\000c\000i\000\363\000n\000\040\000d\000e\000l\000\040\000s\000o\000f\000t\000w\000a\000r\000e\000\040\000b\000a\000s\000e}{chapter.6}% 39
\BOOKMARK [1][-]{section.6.3}{\376\377\000D\000i\000s\000e\000\361\000o\000\040\000F\000\355\000s\000i\000c\000o\000\040\000d\000e\000\040\000D\000a\000t\000o\000s}{chapter.6}% 40
\BOOKMARK [1][-]{section.6.4}{\376\377\000D\000i\000s\000e\000\361\000o\000\040\000d\000e\000\040\000l\000a\000\040\000I\000n\000t\000e\000r\000f\000a\000z\000\040\000d\000e\000\040\000U\000s\000u\000a\000r\000i\000o}{chapter.6}% 41
\BOOKMARK [0][-]{chapter.7}{\376\377\000C\000o\000n\000s\000t\000r\000u\000c\000c\000i\000\363\000n\000\040\000d\000e\000l\000\040\000S\000i\000s\000t\000e\000m\000a}{part.2}% 42
\BOOKMARK [1][-]{section.7.1}{\376\377\000E\000n\000t\000o\000r\000n\000o\000\040\000d\000e\000\040\000C\000o\000n\000s\000t\000r\000u\000c\000c\000i\000\363\000n}{chapter.7}% 43
\BOOKMARK [1][-]{section.7.2}{\376\377\000C\000\363\000d\000i\000g\000o\000\040\000F\000u\000e\000n\000t\000e}{chapter.7}% 44
\BOOKMARK [1][-]{section.7.3}{\376\377\000S\000c\000r\000i\000p\000t\000s\000\040\000d\000e\000\040\000B\000a\000s\000e\000\040\000d\000e\000\040\000d\000a\000t\000o\000s}{chapter.7}% 45
\BOOKMARK [0][-]{chapter.8}{\376\377\000P\000r\000u\000e\000b\000a\000s\000\040\000d\000e\000l\000\040\000S\000i\000s\000t\000e\000m\000a}{part.2}% 46
\BOOKMARK [1][-]{section.8.1}{\376\377\000E\000s\000t\000r\000a\000t\000e\000g\000i\000a}{chapter.8}% 47
\BOOKMARK [1][-]{section.8.2}{\376\377\000P\000r\000u\000e\000b\000a\000s\000\040\000U\000n\000i\000t\000a\000r\000i\000a\000s}{chapter.8}% 48
\BOOKMARK [1][-]{section.8.3}{\376\377\000P\000r\000u\000e\000b\000a\000s\000\040\000d\000e\000\040\000I\000n\000t\000e\000g\000r\000a\000c\000i\000\363\000n}{chapter.8}% 49
\BOOKMARK [1][-]{section.8.4}{\376\377\000P\000r\000u\000e\000b\000a\000s\000\040\000d\000e\000\040\000S\000i\000s\000t\000e\000m\000a}{chapter.8}% 50
\BOOKMARK [2][-]{subsection.8.4.1}{\376\377\000P\000r\000u\000e\000b\000a\000s\000\040\000F\000u\000n\000c\000i\000o\000n\000a\000l\000e\000s}{section.8.4}% 51
\BOOKMARK [2][-]{subsection.8.4.2}{\376\377\000P\000r\000u\000e\000b\000a\000s\000\040\000N\000o\000\040\000F\000u\000n\000c\000i\000o\000n\000a\000l\000e\000s}{section.8.4}% 52
\BOOKMARK [1][-]{section.8.5}{\376\377\000P\000r\000u\000e\000b\000a\000s\000\040\000d\000e\000\040\000A\000c\000e\000p\000t\000a\000c\000i\000\363\000n}{chapter.8}% 53
\BOOKMARK [0][-]{chapter.9}{\376\377\000D\000e\000s\000p\000l\000i\000e\000g\000u\000e\000\040\000d\000e\000l\000\040\000S\000i\000s\000t\000e\000m\000a}{part.2}% 54
\BOOKMARK [1][-]{section.9.1}{\376\377\000A\000r\000q\000u\000i\000t\000e\000c\000t\000u\000r\000a\000\040\000F\000\355\000s\000i\000c\000a}{chapter.9}% 55
\BOOKMARK [1][-]{section.9.2}{\376\377\000I\000n\000s\000t\000r\000u\000c\000c\000i\000o\000n\000e\000s\000\040\000d\000e\000\040\000d\000e\000s\000p\000l\000i\000e\000g\000u\000e}{chapter.9}% 56
\BOOKMARK [2][-]{subsection.9.2.1}{\376\377\000R\000e\000q\000u\000i\000s\000i\000t\000o\000s\000\040\000p\000r\000e\000v\000i\000o\000s}{section.9.2}% 57
\BOOKMARK [2][-]{subsection.9.2.2}{\376\377\000I\000n\000v\000e\000n\000t\000a\000r\000i\000o\000\040\000d\000e\000\040\000c\000o\000m\000p\000o\000n\000e\000n\000t\000e\000s}{section.9.2}% 58
\BOOKMARK [2][-]{subsection.9.2.3}{\376\377\000P\000r\000o\000c\000e\000d\000i\000m\000i\000e\000n\000t\000o\000s\000\040\000d\000e\000\040\000i\000n\000s\000t\000a\000l\000a\000c\000i\000\363\000n}{section.9.2}% 59
\BOOKMARK [2][-]{subsection.9.2.4}{\376\377\000P\000r\000u\000e\000b\000a\000s\000\040\000d\000e\000\040\000i\000m\000p\000l\000a\000n\000t\000a\000c\000i\000\363\000n}{section.9.2}% 60
\BOOKMARK [1][-]{section.9.3}{\376\377\000I\000n\000s\000t\000r\000u\000c\000c\000i\000o\000n\000e\000s\000\040\000p\000a\000r\000a\000\040\000l\000a\000\040\000o\000p\000e\000r\000a\000c\000i\000\363\000n\000\040\000d\000e\000l\000\040\000s\000i\000s\000t\000e\000m\000a\000\040\000y\000\040\000m\000a\000n\000t\000e\000n\000i\000m\000i\000e\000n\000t\000o\000\040\000d\000e\000l\000\040\000n\000i\000v\000e\000l\000\040\000d\000e\000\040\000s\000e\000r\000v\000i\000c\000i\000o}{chapter.9}% 61
\BOOKMARK [-1][-]{part.3}{\376\377\000I\000I\000I\000\040\000E\000p\000\355\000l\000o\000g\000o}{}% 62
\BOOKMARK [0][-]{chapter.10}{\376\377\000C\000o\000n\000c\000l\000u\000s\000i\000o\000n\000e\000s}{part.3}% 63
\BOOKMARK [1][-]{section.10.1}{\376\377\000O\000b\000j\000e\000t\000i\000v\000o\000s\000\040\000a\000l\000c\000a\000n\000z\000a\000d\000o\000s}{chapter.10}% 64
\BOOKMARK [1][-]{section.10.2}{\376\377\000L\000e\000c\000c\000i\000o\000n\000e\000s\000\040\000a\000p\000r\000e\000n\000d\000i\000d\000a\000s}{chapter.10}% 65
\BOOKMARK [1][-]{section.10.3}{\376\377\000T\000r\000a\000b\000a\000j\000o\000\040\000f\000u\000t\000u\000r\000o}{chapter.10}% 66
\BOOKMARK [0][-]{section*.8}{\376\377\000I\000n\000f\000o\000r\000m\000a\000c\000i\000\363\000n\000\040\000s\000o\000b\000r\000e\000\040\000L\000i\000c\000e\000n\000c\000i\000a}{part.3}% 67
\BOOKMARK [0][-]{chapter*.9}{\376\377\000B\000i\000b\000l\000i\000o\000g\000r\000a\000f\000\355\000a}{part.3}% 68
\BOOKMARK [-1][-]{part.4}{\376\377\000I\000V\000\040\000A\000n\000e\000x\000o\000s}{}% 69
\BOOKMARK [0][-]{appendix.Alph1}{\376\377\000M\000a\000n\000u\000a\000l\000\040\000d\000e\000l\000\040\000d\000e\000s\000a\000r\000r\000o\000l\000l\000a\000d\000o\000r}{part.4}% 70
\BOOKMARK [1][-]{section.Alph1.1}{\376\377\000I\000n\000t\000r\000o\000d\000u\000c\000c\000i\000\363\000n}{appendix.Alph1}% 71
\BOOKMARK [1][-]{section.Alph1.2}{\376\377\000P\000r\000e\000p\000a\000r\000a\000c\000i\000\363\000n\000\040\000d\000e\000l\000\040\000e\000n\000t\000o\000r\000n\000o\000\040\000d\000e\000\040\000t\000r\000a\000b\000a\000j\000o}{appendix.Alph1}% 72
\BOOKMARK [1][-]{section.Alph1.3}{\376\377\000C\000o\000n\000s\000i\000d\000e\000r\000a\000c\000i\000o\000n\000e\000s\000\040\000g\000e\000n\000e\000r\000a\000l\000e\000s\000\040\000s\000o\000b\000r\000e\000\040\000e\000l\000\040\000d\000e\000s\000a\000r\000r\000o\000l\000l\000o}{appendix.Alph1}% 73
\BOOKMARK [1][-]{section.Alph1.4}{\376\377\000I\000n\000s\000t\000r\000u\000c\000c\000i\000o\000n\000e\000s\000\040\000p\000a\000r\000a\000\040\000c\000o\000n\000s\000t\000r\000u\000c\000c\000i\000\363\000n}{appendix.Alph1}% 74
\BOOKMARK [0][-]{appendix.Alph2}{\376\377\000M\000a\000n\000u\000a\000l\000\040\000d\000e\000\040\000u\000s\000u\000a\000r\000i\000o}{part.4}% 75
\BOOKMARK [1][-]{section.Alph2.1}{\376\377\000I\000n\000t\000r\000o\000d\000u\000c\000c\000i\000\363\000n}{appendix.Alph2}% 76
\BOOKMARK [1][-]{section.Alph2.2}{\376\377\000I\000n\000s\000t\000a\000l\000a\000c\000i\000\363\000n}{appendix.Alph2}% 77
\BOOKMARK [1][-]{section.Alph2.3}{\376\377\000U\000s\000o\000\040\000d\000e\000l\000\040\000s\000i\000s\000t\000e\000m\000a}{appendix.Alph2}% 78
\BOOKMARK [0][-]{appendix.Alph3}{\376\377\000C\000o\000m\000a\000n\000d\000o\000s\000\040\000\372\000t\000i\000l\000e\000s\000\040\000d\000e\000\040\000l\000a\000t\000e\000x}{part.4}% 79
\BOOKMARK [1][-]{section.Alph3.1}{\376\377\000T\000i\000p\000o\000s\000\040\000d\000e\000\040\000t\000a\000b\000l\000a\000s}{appendix.Alph3}% 80
\BOOKMARK [1][-]{section.Alph3.2}{\376\377\000U\000n\000a\000\040\000i\000m\000a\000g\000e\000n}{appendix.Alph3}% 81
\BOOKMARK [1][-]{section.Alph3.3}{\376\377\000D\000o\000s\000\040\000i\000m\000\341\000g\000e\000n\000e\000s}{appendix.Alph3}% 82
\BOOKMARK [1][-]{section.Alph3.4}{\376\377\000P\000a\000r\000a\000\040\000r\000e\000f\000e\000r\000e\000n\000c\000i\000a\000r\000\040\000a\000r\000c\000h\000i\000v\000o\000s\000\040\000d\000e\000l\000\040\000d\000o\000c\000u\000m\000e\000n\000t\000o}{appendix.Alph3}% 83
\BOOKMARK [1][-]{section.Alph3.5}{\376\377\000R\000e\000f\000e\000r\000e\000n\000c\000i\000a\000r\000\040\000c\000i\000t\000a\000s\000\040\000b\000i\000b\000l\000i\000o\000g\000r\000\341\000f\000i\000c\000a\000s}{appendix.Alph3}% 84
\BOOKMARK [1][-]{section.Alph3.6}{\376\377\000L\000i\000s\000t\000a\000s}{appendix.Alph3}% 85
\BOOKMARK [1][-]{section.Alph3.7}{\376\377\000U\000R\000L}{appendix.Alph3}% 86
\BOOKMARK [1][-]{section.Alph3.8}{\376\377\000N\000o\000t\000a\000s\000\040\000p\000i\000e\000\040\000d\000e\000\040\000p\000\341\000g\000i\000n\000a}{appendix.Alph3}% 87
\BOOKMARK [1][-]{section.Alph3.9}{\376\377\000E\000s\000t\000i\000l\000o\000s}{appendix.Alph3}% 88
